This file contains any messages produced by compilers while
running configure, to aid debugging if configure makes a mistake.

It was created by govocitos configure 2.0, which was
generated by GNU Autoconf 2.68.  Invocation command line was

  $ ./configure --prefix=/home/remoto/nihat.efe/usr/local

## --------- ##
## Platform. ##
## --------- ##

hostname = ctdesk138
uname -m = x86_64
uname -r = 3.2.0-61-generic
uname -s = Linux
uname -v = #93-Ubuntu SMP Fri May 2 21:31:50 UTC 2014

/usr/bin/uname -p = unknown
/bin/uname -X     = unknown

/bin/arch              = unknown
/usr/bin/arch -k       = unknown
/usr/convex/getsysinfo = unknown
/usr/bin/hostinfo      = unknown
/bin/machine           = unknown
/usr/bin/oslevel       = unknown
/bin/universe          = unknown

PATH: /usr/lib/lightdm/lightdm
PATH: /usr/local/sbin
PATH: /usr/local/bin
PATH: /usr/sbin
PATH: /usr/bin
PATH: /sbin
PATH: /bin
PATH: /usr/games
PATH: .
PATH: /home/remoto/nihat.efe/local/bin
PATH: .


## ----------- ##
## Core tests. ##
## ----------- ##

configure:2427: checking for a BSD-compatible install
configure:2495: result: /usr/bin/install -c
configure:2506: checking whether build environment is sane
configure:2556: result: yes
configure:2697: checking for a thread-safe mkdir -p
configure:2736: result: /bin/mkdir -p
configure:2749: checking for gawk
configure:2779: result: no
configure:2749: checking for mawk
configure:2765: found /usr/bin/mawk
configure:2776: result: mawk
configure:2787: checking whether make sets $(MAKE)
configure:2809: result: yes
configure:2892: checking whether to enable maintainer-specific portions of Makefiles
configure:2901: result: no
configure:2927: checking for style of include used by make
configure:2955: result: GNU
configure:3026: checking for gcc
configure:3042: found /usr/bin/gcc
configure:3053: result: gcc
configure:3282: checking for C compiler version
configure:3291: gcc --version >&5
gcc (Ubuntu/Linaro 4.6.3-1ubuntu5) 4.6.3
Copyright (C) 2011 Free Software Foundation, Inc.
This is free software; see the source for copying conditions.  There is NO
warranty; not even for MERCHANTABILITY or FITNESS FOR A PARTICULAR PURPOSE.

configure:3302: $? = 0
configure:3291: gcc -v >&5
Using built-in specs.
COLLECT_GCC=gcc
COLLECT_LTO_WRAPPER=/usr/lib/gcc/x86_64-linux-gnu/4.6/lto-wrapper
Target: x86_64-linux-gnu
Configured with: ../src/configure -v --with-pkgversion='Ubuntu/Linaro 4.6.3-1ubuntu5' --with-bugurl=file:///usr/share/doc/gcc-4.6/README.Bugs --enable-languages=c,c++,fortran,objc,obj-c++ --prefix=/usr --program-suffix=-4.6 --enable-shared --enable-linker-build-id --with-system-zlib --libexecdir=/usr/lib --without-included-gettext --enable-threads=posix --with-gxx-include-dir=/usr/include/c++/4.6 --libdir=/usr/lib --enable-nls --with-sysroot=/ --enable-clocale=gnu --enable-libstdcxx-debug --enable-libstdcxx-time=yes --enable-gnu-unique-object --enable-plugin --enable-objc-gc --disable-werror --with-arch-32=i686 --with-tune=generic --enable-checking=release --build=x86_64-linux-gnu --host=x86_64-linux-gnu --target=x86_64-linux-gnu
Thread model: posix
gcc version 4.6.3 (Ubuntu/Linaro 4.6.3-1ubuntu5) 
configure:3302: $? = 0
configure:3291: gcc -V >&5
gcc: error: unrecognized option '-V'
gcc: fatal error: no input files
compilation terminated.
configure:3302: $? = 4
configure:3291: gcc -qversion >&5
gcc: error: unrecognized option '-qversion'
gcc: fatal error: no input files
compilation terminated.
configure:3302: $? = 4
configure:3322: checking whether the C compiler works
configure:3344: gcc    conftest.c  >&5
configure:3348: $? = 0
configure:3396: result: yes
configure:3399: checking for C compiler default output file name
configure:3401: result: a.out
configure:3407: checking for suffix of executables
configure:3414: gcc -o conftest    conftest.c  >&5
configure:3418: $? = 0
configure:3440: result: 
configure:3462: checking whether we are cross compiling
configure:3470: gcc -o conftest    conftest.c  >&5
configure:3474: $? = 0
configure:3481: ./conftest
configure:3485: $? = 0
configure:3500: result: no
configure:3505: checking for suffix of object files
configure:3527: gcc -c   conftest.c >&5
configure:3531: $? = 0
configure:3552: result: o
configure:3556: checking whether we are using the GNU C compiler
configure:3575: gcc -c   conftest.c >&5
configure:3575: $? = 0
configure:3584: result: yes
configure:3593: checking whether gcc accepts -g
configure:3613: gcc -c -g  conftest.c >&5
configure:3613: $? = 0
configure:3654: result: yes
configure:3671: checking for gcc option to accept ISO C89
configure:3735: gcc  -c -g -O2  conftest.c >&5
configure:3735: $? = 0
configure:3748: result: none needed
configure:3770: checking dependency style of gcc
configure:3881: result: gcc3
configure:3897: checking for library containing strerror
configure:3928: gcc -o conftest -g -O2   conftest.c  >&5
configure:3928: $? = 0
configure:3945: result: none required
configure:4011: checking for g++
configure:4027: found /usr/bin/g++
configure:4038: result: g++
configure:4065: checking for C++ compiler version
configure:4074: g++ --version >&5
g++ (Ubuntu/Linaro 4.6.3-1ubuntu5) 4.6.3
Copyright (C) 2011 Free Software Foundation, Inc.
This is free software; see the source for copying conditions.  There is NO
warranty; not even for MERCHANTABILITY or FITNESS FOR A PARTICULAR PURPOSE.

configure:4085: $? = 0
configure:4074: g++ -v >&5
Using built-in specs.
COLLECT_GCC=g++
COLLECT_LTO_WRAPPER=/usr/lib/gcc/x86_64-linux-gnu/4.6/lto-wrapper
Target: x86_64-linux-gnu
Configured with: ../src/configure -v --with-pkgversion='Ubuntu/Linaro 4.6.3-1ubuntu5' --with-bugurl=file:///usr/share/doc/gcc-4.6/README.Bugs --enable-languages=c,c++,fortran,objc,obj-c++ --prefix=/usr --program-suffix=-4.6 --enable-shared --enable-linker-build-id --with-system-zlib --libexecdir=/usr/lib --without-included-gettext --enable-threads=posix --with-gxx-include-dir=/usr/include/c++/4.6 --libdir=/usr/lib --enable-nls --with-sysroot=/ --enable-clocale=gnu --enable-libstdcxx-debug --enable-libstdcxx-time=yes --enable-gnu-unique-object --enable-plugin --enable-objc-gc --disable-werror --with-arch-32=i686 --with-tune=generic --enable-checking=release --build=x86_64-linux-gnu --host=x86_64-linux-gnu --target=x86_64-linux-gnu
Thread model: posix
gcc version 4.6.3 (Ubuntu/Linaro 4.6.3-1ubuntu5) 
configure:4085: $? = 0
configure:4074: g++ -V >&5
g++: error: unrecognized option '-V'
g++: fatal error: no input files
compilation terminated.
configure:4085: $? = 4
configure:4074: g++ -qversion >&5
g++: error: unrecognized option '-qversion'
g++: fatal error: no input files
compilation terminated.
configure:4085: $? = 4
configure:4089: checking whether we are using the GNU C++ compiler
configure:4108: g++ -c   conftest.cpp >&5
configure:4108: $? = 0
configure:4117: result: yes
configure:4126: checking whether g++ accepts -g
configure:4146: g++ -c -g  conftest.cpp >&5
configure:4146: $? = 0
configure:4187: result: yes
configure:4212: checking dependency style of g++
configure:4323: result: gcc3
configure:4386: checking for gcc
configure:4413: result: gcc
configure:4642: checking for C compiler version
configure:4651: gcc --version >&5
gcc (Ubuntu/Linaro 4.6.3-1ubuntu5) 4.6.3
Copyright (C) 2011 Free Software Foundation, Inc.
This is free software; see the source for copying conditions.  There is NO
warranty; not even for MERCHANTABILITY or FITNESS FOR A PARTICULAR PURPOSE.

configure:4662: $? = 0
configure:4651: gcc -v >&5
Using built-in specs.
COLLECT_GCC=gcc
COLLECT_LTO_WRAPPER=/usr/lib/gcc/x86_64-linux-gnu/4.6/lto-wrapper
Target: x86_64-linux-gnu
Configured with: ../src/configure -v --with-pkgversion='Ubuntu/Linaro 4.6.3-1ubuntu5' --with-bugurl=file:///usr/share/doc/gcc-4.6/README.Bugs --enable-languages=c,c++,fortran,objc,obj-c++ --prefix=/usr --program-suffix=-4.6 --enable-shared --enable-linker-build-id --with-system-zlib --libexecdir=/usr/lib --without-included-gettext --enable-threads=posix --with-gxx-include-dir=/usr/include/c++/4.6 --libdir=/usr/lib --enable-nls --with-sysroot=/ --enable-clocale=gnu --enable-libstdcxx-debug --enable-libstdcxx-time=yes --enable-gnu-unique-object --enable-plugin --enable-objc-gc --disable-werror --with-arch-32=i686 --with-tune=generic --enable-checking=release --build=x86_64-linux-gnu --host=x86_64-linux-gnu --target=x86_64-linux-gnu
Thread model: posix
gcc version 4.6.3 (Ubuntu/Linaro 4.6.3-1ubuntu5) 
configure:4662: $? = 0
configure:4651: gcc -V >&5
gcc: error: unrecognized option '-V'
gcc: fatal error: no input files
compilation terminated.
configure:4662: $? = 4
configure:4651: gcc -qversion >&5
gcc: error: unrecognized option '-qversion'
gcc: fatal error: no input files
compilation terminated.
configure:4662: $? = 4
configure:4666: checking whether we are using the GNU C compiler
configure:4694: result: yes
configure:4703: checking whether gcc accepts -g
configure:4764: result: yes
configure:4781: checking for gcc option to accept ISO C89
configure:4858: result: none needed
configure:4880: checking dependency style of gcc
configure:4991: result: gcc3
configure:5014: checking how to run the C preprocessor
configure:5045: gcc -E  conftest.c
configure:5045: $? = 0
configure:5059: gcc -E  conftest.c
conftest.c:11:28: fatal error: ac_nonexistent.h: No such file or directory
compilation terminated.
configure:5059: $? = 1
configure: failed program was:
| /* confdefs.h */
| #define PACKAGE_NAME "govocitos"
| #define PACKAGE_TARNAME "govocitos"
| #define PACKAGE_VERSION "2.0"
| #define PACKAGE_STRING "govocitos 2.0"
| #define PACKAGE_BUGREPORT ""
| #define PACKAGE_URL ""
| #define PACKAGE "govocitos"
| #define VERSION "2.0"
| /* end confdefs.h.  */
| #include <ac_nonexistent.h>
configure:5084: result: gcc -E
configure:5104: gcc -E  conftest.c
configure:5104: $? = 0
configure:5118: gcc -E  conftest.c
conftest.c:11:28: fatal error: ac_nonexistent.h: No such file or directory
compilation terminated.
configure:5118: $? = 1
configure: failed program was:
| /* confdefs.h */
| #define PACKAGE_NAME "govocitos"
| #define PACKAGE_TARNAME "govocitos"
| #define PACKAGE_VERSION "2.0"
| #define PACKAGE_STRING "govocitos 2.0"
| #define PACKAGE_BUGREPORT ""
| #define PACKAGE_URL ""
| #define PACKAGE "govocitos"
| #define VERSION "2.0"
| /* end confdefs.h.  */
| #include <ac_nonexistent.h>
configure:5147: checking for grep that handles long lines and -e
configure:5205: result: /bin/grep
configure:5210: checking for egrep
configure:5272: result: /bin/grep -E
configure:5277: checking for ANSI C header files
configure:5297: gcc -c -g -O2  conftest.c >&5
configure:5297: $? = 0
configure:5370: gcc -o conftest -g -O2   conftest.c  >&5
configure:5370: $? = 0
configure:5370: ./conftest
configure:5370: $? = 0
configure:5381: result: yes
configure:5405: checking for sys/types.h
configure:5405: gcc -c -g -O2  conftest.c >&5
configure:5405: $? = 0
configure:5405: result: yes
configure:5405: checking for sys/stat.h
configure:5405: gcc -c -g -O2  conftest.c >&5
configure:5405: $? = 0
configure:5405: result: yes
configure:5405: checking for stdlib.h
configure:5405: gcc -c -g -O2  conftest.c >&5
configure:5405: $? = 0
configure:5405: result: yes
configure:5405: checking for string.h
configure:5405: gcc -c -g -O2  conftest.c >&5
configure:5405: $? = 0
configure:5405: result: yes
configure:5405: checking for memory.h
configure:5405: gcc -c -g -O2  conftest.c >&5
configure:5405: $? = 0
configure:5405: result: yes
configure:5405: checking for strings.h
configure:5405: gcc -c -g -O2  conftest.c >&5
configure:5405: $? = 0
configure:5405: result: yes
configure:5405: checking for inttypes.h
configure:5405: gcc -c -g -O2  conftest.c >&5
configure:5405: $? = 0
configure:5405: result: yes
configure:5405: checking for stdint.h
configure:5405: gcc -c -g -O2  conftest.c >&5
configure:5405: $? = 0
configure:5405: result: yes
configure:5405: checking for unistd.h
configure:5405: gcc -c -g -O2  conftest.c >&5
configure:5405: $? = 0
configure:5405: result: yes
configure:5420: checking locale.h usability
configure:5420: gcc -c -g -O2  conftest.c >&5
configure:5420: $? = 0
configure:5420: result: yes
configure:5420: checking locale.h presence
configure:5420: gcc -E  conftest.c
configure:5420: $? = 0
configure:5420: result: yes
configure:5420: checking for locale.h
configure:5420: result: yes
configure:5431: checking for LC_MESSAGES
configure:5447: gcc -o conftest -g -O2   conftest.c  >&5
configure:5447: $? = 0
configure:5455: result: yes
configure:5472: checking libintl.h usability
configure:5472: gcc -c -g -O2  conftest.c >&5
configure:5472: $? = 0
configure:5472: result: yes
configure:5472: checking libintl.h presence
configure:5472: gcc -E  conftest.c
configure:5472: $? = 0
configure:5472: result: yes
configure:5472: checking for libintl.h
configure:5472: result: yes
configure:5480: checking for ngettext in libc
configure:5498: gcc -o conftest -g -O2   conftest.c  >&5
configure:5498: $? = 0
configure:5507: result: yes
configure:5511: checking for dgettext in libc
configure:5529: gcc -o conftest -g -O2   conftest.c  >&5
configure:5529: $? = 0
configure:5538: result: yes
configure:5545: checking for bind_textdomain_codeset
configure:5545: gcc -o conftest -g -O2   conftest.c  >&5
configure:5545: $? = 0
configure:5545: result: yes
configure:5821: checking for msgfmt
configure:5848: result: /usr/bin/msgfmt
configure:5859: checking for dcgettext
configure:5859: gcc -o conftest -g -O2   conftest.c   >&5
conftest.c:49:6: warning: conflicting types for built-in function 'dcgettext' [enabled by default]
configure:5859: $? = 0
configure:5859: result: yes
configure:5869: checking if msgfmt accepts -c
configure:5884: $MSGFMT -c -o /dev/null conftest.foo
configure:5887: $? = 0
configure:5889: result: yes
configure:5899: checking for gmsgfmt
configure:5930: result: /usr/bin/msgfmt
configure:5940: checking for xgettext
configure:5967: result: /usr/bin/xgettext
configure:5986: gcc -o conftest -g -O2   conftest.c   >&5
configure:5986: $? = 0
configure:6126: checking whether NLS is requested
configure:6135: result: yes
configure:6153: checking for intltool >= 0.35.0
configure:6155: result: 0.50.2 found
configure:6163: checking for intltool-update
configure:6181: found /usr/bin/intltool-update
configure:6193: result: /usr/bin/intltool-update
configure:6203: checking for intltool-merge
configure:6221: found /usr/bin/intltool-merge
configure:6233: result: /usr/bin/intltool-merge
configure:6243: checking for intltool-extract
configure:6261: found /usr/bin/intltool-extract
configure:6273: result: /usr/bin/intltool-extract
configure:6427: checking for xgettext
configure:6457: result: /usr/bin/xgettext
configure:6467: checking for msgmerge
configure:6485: found /usr/bin/msgmerge
configure:6497: result: /usr/bin/msgmerge
configure:6507: checking for msgfmt
configure:6537: result: /usr/bin/msgfmt
configure:6547: checking for gmsgfmt
configure:6578: result: /usr/bin/msgfmt
configure:6598: checking for perl
configure:6616: found /usr/bin/perl
configure:6628: result: /usr/bin/perl
configure:6639: checking for perl >= 5.8.1
configure:6646: result: 5.14.2
configure:6650: checking for XML::Parser
configure:6653: result: ok
configure:6736: checking build system type
configure:6750: result: x86_64-unknown-linux-gnu
configure:6770: checking host system type
configure:6783: result: x86_64-unknown-linux-gnu
configure:6824: checking how to print strings
configure:6851: result: printf
configure:6872: checking for a sed that does not truncate output
configure:6936: result: /bin/sed
configure:6954: checking for fgrep
configure:7016: result: /bin/grep -F
configure:7051: checking for ld used by gcc
configure:7118: result: /usr/bin/ld
configure:7125: checking if the linker (/usr/bin/ld) is GNU ld
configure:7140: result: yes
configure:7152: checking for BSD- or MS-compatible name lister (nm)
configure:7201: result: /usr/bin/nm -B
configure:7331: checking the name lister (/usr/bin/nm -B) interface
configure:7338: gcc -c -g -O2  conftest.c >&5
configure:7341: /usr/bin/nm -B "conftest.o"
configure:7344: output
0000000000000000 B some_variable
configure:7351: result: BSD nm
configure:7354: checking whether ln -s works
configure:7358: result: yes
configure:7366: checking the maximum length of command line arguments
configure:7496: result: 1572864
configure:7513: checking whether the shell understands some XSI constructs
configure:7523: result: yes
configure:7527: checking whether the shell understands "+="
configure:7533: result: yes
configure:7568: checking how to convert x86_64-unknown-linux-gnu file names to x86_64-unknown-linux-gnu format
configure:7608: result: func_convert_file_noop
configure:7615: checking how to convert x86_64-unknown-linux-gnu file names to toolchain format
configure:7635: result: func_convert_file_noop
configure:7642: checking for /usr/bin/ld option to reload object files
configure:7649: result: -r
configure:7723: checking for objdump
configure:7739: found /usr/bin/objdump
configure:7750: result: objdump
configure:7782: checking how to recognize dependent libraries
configure:7984: result: pass_all
configure:8069: checking for dlltool
configure:8099: result: no
configure:8129: checking how to associate runtime and link libraries
configure:8156: result: printf %s\n
configure:8216: checking for ar
configure:8232: found /usr/bin/ar
configure:8243: result: ar
configure:8280: checking for archiver @FILE support
configure:8297: gcc -c -g -O2  conftest.c >&5
configure:8297: $? = 0
configure:8300: ar cru libconftest.a @conftest.lst >&5
configure:8303: $? = 0
configure:8308: ar cru libconftest.a @conftest.lst >&5
ar: conftest.o: No such file or directory
configure:8311: $? = 1
configure:8323: result: @
configure:8381: checking for strip
configure:8397: found /usr/bin/strip
configure:8408: result: strip
configure:8480: checking for ranlib
configure:8496: found /usr/bin/ranlib
configure:8507: result: ranlib
configure:8609: checking command to parse /usr/bin/nm -B output from gcc object
configure:8729: gcc -c -g -O2  conftest.c >&5
configure:8732: $? = 0
configure:8736: /usr/bin/nm -B conftest.o \| sed -n -e 's/^.*[ ]\([ABCDGIRSTW][ABCDGIRSTW]*\)[ ][ ]*\([_A-Za-z][_A-Za-z0-9]*\)$/\1 \2 \2/p' | sed '/ __gnu_lto/d' \> conftest.nm
configure:8739: $? = 0
configure:8805: gcc -o conftest -g -O2   conftest.c conftstm.o >&5
configure:8808: $? = 0
configure:8846: result: ok
configure:8883: checking for sysroot
configure:8913: result: no
configure:8990: gcc -c -g -O2  conftest.c >&5
configure:8993: $? = 0
configure:9169: checking for mt
configure:9185: found /bin/mt
configure:9196: result: mt
configure:9219: checking if mt is a manifest tool
configure:9225: mt '-?'
configure:9233: result: no
configure:9872: checking for dlfcn.h
configure:9872: gcc -c -g -O2  conftest.c >&5
configure:9872: $? = 0
configure:9872: result: yes
configure:10089: checking for objdir
configure:10104: result: .libs
configure:10371: checking if gcc supports -fno-rtti -fno-exceptions
configure:10389: gcc -c -g -O2  -fno-rtti -fno-exceptions conftest.c >&5
cc1: warning: command line option '-fno-rtti' is valid for C++/ObjC++ but not for C [enabled by default]
configure:10393: $? = 0
configure:10406: result: no
configure:10733: checking for gcc option to produce PIC
configure:10740: result: -fPIC -DPIC
configure:10748: checking if gcc PIC flag -fPIC -DPIC works
configure:10766: gcc -c -g -O2  -fPIC -DPIC -DPIC conftest.c >&5
configure:10770: $? = 0
configure:10783: result: yes
configure:10812: checking if gcc static flag -static works
configure:10840: result: yes
configure:10855: checking if gcc supports -c -o file.o
configure:10876: gcc -c -g -O2  -o out/conftest2.o conftest.c >&5
configure:10880: $? = 0
configure:10902: result: yes
configure:10910: checking if gcc supports -c -o file.o
configure:10957: result: yes
configure:10990: checking whether the gcc linker (/usr/bin/ld -m elf_x86_64) supports shared libraries
configure:12147: result: yes
configure:12184: checking whether -lc should be explicitly linked in
configure:12192: gcc -c -g -O2  conftest.c >&5
configure:12195: $? = 0
configure:12210: gcc -shared  -fPIC -DPIC conftest.o  -v -Wl,-soname -Wl,conftest -o conftest 2\>\&1 \| /bin/grep  -lc  \>/dev/null 2\>\&1
configure:12213: $? = 0
configure:12227: result: no
configure:12387: checking dynamic linker characteristics
configure:12898: gcc -o conftest -g -O2   -Wl,-rpath -Wl,/foo conftest.c  >&5
configure:12898: $? = 0
configure:13132: result: GNU/Linux ld.so
configure:13239: checking how to hardcode library paths into programs
configure:13264: result: immediate
configure:13804: checking whether stripping libraries is possible
configure:13809: result: yes
configure:13844: checking if libtool supports shared libraries
configure:13846: result: yes
configure:13849: checking whether to build shared libraries
configure:13870: result: yes
configure:13873: checking whether to build static libraries
configure:13877: result: yes
configure:13900: checking how to run the C++ preprocessor
configure:13927: g++ -E  conftest.cpp
configure:13927: $? = 0
configure:13941: g++ -E  conftest.cpp
conftest.cpp:30:28: fatal error: ac_nonexistent.h: No such file or directory
compilation terminated.
configure:13941: $? = 1
configure: failed program was:
| /* confdefs.h */
| #define PACKAGE_NAME "govocitos"
| #define PACKAGE_TARNAME "govocitos"
| #define PACKAGE_VERSION "2.0"
| #define PACKAGE_STRING "govocitos 2.0"
| #define PACKAGE_BUGREPORT ""
| #define PACKAGE_URL ""
| #define PACKAGE "govocitos"
| #define VERSION "2.0"
| #define STDC_HEADERS 1
| #define GETTEXT_PACKAGE "govocitos"
| #define HAVE_SYS_TYPES_H 1
| #define HAVE_SYS_STAT_H 1
| #define HAVE_STDLIB_H 1
| #define HAVE_STRING_H 1
| #define HAVE_MEMORY_H 1
| #define HAVE_STRINGS_H 1
| #define HAVE_INTTYPES_H 1
| #define HAVE_STDINT_H 1
| #define HAVE_UNISTD_H 1
| #define HAVE_LOCALE_H 1
| #define HAVE_LC_MESSAGES 1
| #define HAVE_BIND_TEXTDOMAIN_CODESET 1
| #define HAVE_GETTEXT 1
| #define HAVE_DCGETTEXT 1
| #define ENABLE_NLS 1
| #define HAVE_DLFCN_H 1
| #define LT_OBJDIR ".libs/"
| /* end confdefs.h.  */
| #include <ac_nonexistent.h>
configure:13966: result: g++ -E
configure:13986: g++ -E  conftest.cpp
configure:13986: $? = 0
configure:14000: g++ -E  conftest.cpp
conftest.cpp:30:28: fatal error: ac_nonexistent.h: No such file or directory
compilation terminated.
configure:14000: $? = 1
configure: failed program was:
| /* confdefs.h */
| #define PACKAGE_NAME "govocitos"
| #define PACKAGE_TARNAME "govocitos"
| #define PACKAGE_VERSION "2.0"
| #define PACKAGE_STRING "govocitos 2.0"
| #define PACKAGE_BUGREPORT ""
| #define PACKAGE_URL ""
| #define PACKAGE "govocitos"
| #define VERSION "2.0"
| #define STDC_HEADERS 1
| #define GETTEXT_PACKAGE "govocitos"
| #define HAVE_SYS_TYPES_H 1
| #define HAVE_SYS_STAT_H 1
| #define HAVE_STDLIB_H 1
| #define HAVE_STRING_H 1
| #define HAVE_MEMORY_H 1
| #define HAVE_STRINGS_H 1
| #define HAVE_INTTYPES_H 1
| #define HAVE_STDINT_H 1
| #define HAVE_UNISTD_H 1
| #define HAVE_LOCALE_H 1
| #define HAVE_LC_MESSAGES 1
| #define HAVE_BIND_TEXTDOMAIN_CODESET 1
| #define HAVE_GETTEXT 1
| #define HAVE_DCGETTEXT 1
| #define ENABLE_NLS 1
| #define HAVE_DLFCN_H 1
| #define LT_OBJDIR ".libs/"
| /* end confdefs.h.  */
| #include <ac_nonexistent.h>
configure:14169: checking for ld used by g++
configure:14236: result: /usr/bin/ld -m elf_x86_64
configure:14243: checking if the linker (/usr/bin/ld -m elf_x86_64) is GNU ld
configure:14258: result: yes
configure:14313: checking whether the g++ linker (/usr/bin/ld -m elf_x86_64) supports shared libraries
configure:15318: result: yes
configure:15354: g++ -c -g -O2  conftest.cpp >&5
configure:15357: $? = 0
configure:15877: checking for g++ option to produce PIC
configure:15884: result: -fPIC -DPIC
configure:15892: checking if g++ PIC flag -fPIC -DPIC works
configure:15910: g++ -c -g -O2  -fPIC -DPIC -DPIC conftest.cpp >&5
configure:15914: $? = 0
configure:15927: result: yes
configure:15950: checking if g++ static flag -static works
configure:15978: result: yes
configure:15990: checking if g++ supports -c -o file.o
configure:16011: g++ -c -g -O2  -o out/conftest2.o conftest.cpp >&5
configure:16015: $? = 0
configure:16037: result: yes
configure:16042: checking if g++ supports -c -o file.o
configure:16089: result: yes
configure:16119: checking whether the g++ linker (/usr/bin/ld -m elf_x86_64) supports shared libraries
configure:16158: result: yes
configure:16299: checking dynamic linker characteristics
configure:16978: result: GNU/Linux ld.so
configure:17031: checking how to hardcode library paths into programs
configure:17056: result: immediate
configure:17174: checking for pkg-config
configure:17192: found /usr/bin/pkg-config
configure:17204: result: /usr/bin/pkg-config
configure:17229: checking pkg-config is at least version 0.9.0
configure:17232: result: yes
configure:17242: checking for GOVOCITOS
configure:17249: $PKG_CONFIG --exists --print-errors "gtkmm-2.4 >= 2.8 libglademm-2.4 >= 2.6 libxml++-2.6"
configure:17252: $? = 0
configure:17266: $PKG_CONFIG --exists --print-errors "gtkmm-2.4 >= 2.8 libglademm-2.4 >= 2.6 libxml++-2.6"
configure:17269: $? = 0
configure:17327: result: yes
configure:17483: creating ./config.status

## ---------------------- ##
## Running config.status. ##
## ---------------------- ##

This file was extended by govocitos config.status 2.0, which was
generated by GNU Autoconf 2.68.  Invocation command line was

  CONFIG_FILES    = 
  CONFIG_HEADERS  = 
  CONFIG_LINKS    = 
  CONFIG_COMMANDS = 
  $ ./config.status 

on ctdesk138

config.status:1248: creating Makefile
config.status:1248: creating src/Makefile
config.status:1248: creating po/Makefile.in
config.status:1248: creating config.h
config.status:1477: executing depfiles commands
config.status:1477: executing default-1 commands
config.status:1477: executing libtool commands
config.status:1477: executing po/stamp-it commands

## ---------------- ##
## Cache variables. ##
## ---------------- ##

ac_cv_build=x86_64-unknown-linux-gnu
ac_cv_c_compiler_gnu=yes
ac_cv_cxx_compiler_gnu=yes
ac_cv_env_CCC_set=
ac_cv_env_CCC_value=
ac_cv_env_CC_set=
ac_cv_env_CC_value=
ac_cv_env_CFLAGS_set=
ac_cv_env_CFLAGS_value=
ac_cv_env_CPPFLAGS_set=
ac_cv_env_CPPFLAGS_value=
ac_cv_env_CPP_set=
ac_cv_env_CPP_value=
ac_cv_env_CXXCPP_set=
ac_cv_env_CXXCPP_value=
ac_cv_env_CXXFLAGS_set=
ac_cv_env_CXXFLAGS_value=
ac_cv_env_CXX_set=
ac_cv_env_CXX_value=
ac_cv_env_GOVOCITOS_CFLAGS_set=
ac_cv_env_GOVOCITOS_CFLAGS_value=
ac_cv_env_GOVOCITOS_LIBS_set=
ac_cv_env_GOVOCITOS_LIBS_value=
ac_cv_env_LDFLAGS_set=
ac_cv_env_LDFLAGS_value=
ac_cv_env_LIBS_set=
ac_cv_env_LIBS_value=
ac_cv_env_PKG_CONFIG_LIBDIR_set=
ac_cv_env_PKG_CONFIG_LIBDIR_value=
ac_cv_env_PKG_CONFIG_PATH_set=
ac_cv_env_PKG_CONFIG_PATH_value=
ac_cv_env_PKG_CONFIG_set=
ac_cv_env_PKG_CONFIG_value=
ac_cv_env_build_alias_set=
ac_cv_env_build_alias_value=
ac_cv_env_host_alias_set=
ac_cv_env_host_alias_value=
ac_cv_env_target_alias_set=
ac_cv_env_target_alias_value=
ac_cv_func_bind_textdomain_codeset=yes
ac_cv_func_dcgettext=yes
ac_cv_header_dlfcn_h=yes
ac_cv_header_inttypes_h=yes
ac_cv_header_libintl_h=yes
ac_cv_header_locale_h=yes
ac_cv_header_memory_h=yes
ac_cv_header_stdc=yes
ac_cv_header_stdint_h=yes
ac_cv_header_stdlib_h=yes
ac_cv_header_string_h=yes
ac_cv_header_strings_h=yes
ac_cv_header_sys_stat_h=yes
ac_cv_header_sys_types_h=yes
ac_cv_header_unistd_h=yes
ac_cv_host=x86_64-unknown-linux-gnu
ac_cv_objext=o
ac_cv_path_EGREP='/bin/grep -E'
ac_cv_path_FGREP='/bin/grep -F'
ac_cv_path_GMSGFMT=/usr/bin/msgfmt
ac_cv_path_GREP=/bin/grep
ac_cv_path_INTLTOOL_EXTRACT=/usr/bin/intltool-extract
ac_cv_path_INTLTOOL_MERGE=/usr/bin/intltool-merge
ac_cv_path_INTLTOOL_PERL=/usr/bin/perl
ac_cv_path_INTLTOOL_UPDATE=/usr/bin/intltool-update
ac_cv_path_MSGFMT=/usr/bin/msgfmt
ac_cv_path_MSGMERGE=/usr/bin/msgmerge
ac_cv_path_SED=/bin/sed
ac_cv_path_XGETTEXT=/usr/bin/xgettext
ac_cv_path_ac_pt_PKG_CONFIG=/usr/bin/pkg-config
ac_cv_path_install='/usr/bin/install -c'
ac_cv_path_mkdir=/bin/mkdir
ac_cv_prog_AWK=mawk
ac_cv_prog_CPP='gcc -E'
ac_cv_prog_CXXCPP='g++ -E'
ac_cv_prog_ac_ct_AR=ar
ac_cv_prog_ac_ct_CC=gcc
ac_cv_prog_ac_ct_CXX=g++
ac_cv_prog_ac_ct_MANIFEST_TOOL=mt
ac_cv_prog_ac_ct_OBJDUMP=objdump
ac_cv_prog_ac_ct_RANLIB=ranlib
ac_cv_prog_ac_ct_STRIP=strip
ac_cv_prog_cc_c89=
ac_cv_prog_cc_g=yes
ac_cv_prog_cxx_g=yes
ac_cv_prog_make_make_set=yes
ac_cv_search_strerror='none required'
am_cv_CC_dependencies_compiler_type=gcc3
am_cv_CXX_dependencies_compiler_type=gcc3
am_cv_prog_cc_stdc=
am_cv_val_LC_MESSAGES=yes
gt_cv_func_dgettext_libc=yes
gt_cv_func_dgettext_libintl=no
gt_cv_func_ngettext_libc=yes
gt_cv_have_gettext=yes
lt_cv_ar_at_file=@
lt_cv_archive_cmds_need_lc=no
lt_cv_deplibs_check_method=pass_all
lt_cv_file_magic_cmd='$MAGIC_CMD'
lt_cv_file_magic_test_file=
lt_cv_ld_reload_flag=-r
lt_cv_nm_interface='BSD nm'
lt_cv_objdir=.libs
lt_cv_path_LD=/usr/bin/ld
lt_cv_path_LDCXX='/usr/bin/ld -m elf_x86_64'
lt_cv_path_NM='/usr/bin/nm -B'
lt_cv_path_mainfest_tool=no
lt_cv_prog_compiler_c_o=yes
lt_cv_prog_compiler_c_o_CXX=yes
lt_cv_prog_compiler_pic='-fPIC -DPIC'
lt_cv_prog_compiler_pic_CXX='-fPIC -DPIC'
lt_cv_prog_compiler_pic_works=yes
lt_cv_prog_compiler_pic_works_CXX=yes
lt_cv_prog_compiler_rtti_exceptions=no
lt_cv_prog_compiler_static_works=yes
lt_cv_prog_compiler_static_works_CXX=yes
lt_cv_prog_gnu_ld=yes
lt_cv_prog_gnu_ldcxx=yes
lt_cv_sharedlib_from_linklib_cmd='printf %s\n'
lt_cv_shlibpath_overrides_runpath=no
lt_cv_sys_global_symbol_pipe='sed -n -e '\''s/^.*[	 ]\([ABCDGIRSTW][ABCDGIRSTW]*\)[	 ][	 ]*\([_A-Za-z][_A-Za-z0-9]*\)$/\1 \2 \2/p'\'' | sed '\''/ __gnu_lto/d'\'''
lt_cv_sys_global_symbol_to_c_name_address='sed -n -e '\''s/^: \([^ ]*\)[ ]*$/  {\"\1\", (void *) 0},/p'\'' -e '\''s/^[ABCDGIRSTW]* \([^ ]*\) \([^ ]*\)$/  {"\2", (void *) \&\2},/p'\'''
lt_cv_sys_global_symbol_to_c_name_address_lib_prefix='sed -n -e '\''s/^: \([^ ]*\)[ ]*$/  {\"\1\", (void *) 0},/p'\'' -e '\''s/^[ABCDGIRSTW]* \([^ ]*\) \(lib[^ ]*\)$/  {"\2", (void *) \&\2},/p'\'' -e '\''s/^[ABCDGIRSTW]* \([^ ]*\) \([^ ]*\)$/  {"lib\2", (void *) \&\2},/p'\'''
lt_cv_sys_global_symbol_to_cdecl='sed -n -e '\''s/^T .* \(.*\)$/extern int \1();/p'\'' -e '\''s/^[ABCDGIRSTW]* .* \(.*\)$/extern char \1;/p'\'''
lt_cv_sys_max_cmd_len=1572864
lt_cv_to_host_file_cmd=func_convert_file_noop
lt_cv_to_tool_file_cmd=func_convert_file_noop
pkg_cv_GOVOCITOS_CFLAGS='-pthread -I/usr/include/gtkmm-2.4 -I/usr/lib/x86_64-linux-gnu/gtkmm-2.4/include -I/usr/include/atkmm-1.6 -I/usr/include/giomm-2.4 -I/usr/lib/x86_64-linux-gnu/giomm-2.4/include -I/usr/include/pangomm-1.4 -I/usr/lib/x86_64-linux-gnu/pangomm-1.4/include -I/usr/include/gtk-2.0 -I/usr/include/gtk-unix-print-2.0 -I/usr/include/gdkmm-2.4 -I/usr/lib/x86_64-linux-gnu/gdkmm-2.4/include -I/usr/include/atk-1.0 -I/usr/include/glibmm-2.4 -I/usr/lib/x86_64-linux-gnu/glibmm-2.4/include -I/usr/include/glib-2.0 -I/usr/lib/x86_64-linux-gnu/glib-2.0/include -I/usr/include/sigc++-2.0 -I/usr/lib/x86_64-linux-gnu/sigc++-2.0/include -I/usr/include/cairomm-1.0 -I/usr/lib/x86_64-linux-gnu/cairomm-1.0/include -I/usr/include/pango-1.0 -I/usr/include/cairo -I/usr/include/pixman-1 -I/usr/include/freetype2 -I/usr/include/libpng12 -I/usr/lib/x86_64-linux-gnu/gtk-2.0/include -I/usr/include/gdk-pixbuf-2.0 -I/usr/include/gio-unix-2.0/ -I/usr/include/libglade-2.0 -I/usr/include/libxml2 -I/usr/include/libglademm-2.4 -I/usr/lib/libglademm-2.4/include -I/usr/include/libxml++-2.6 -I/usr/lib/libxml++-2.6/include  '
pkg_cv_GOVOCITOS_LIBS='-lglademm-2.4 -lgtkmm-2.4 -lglade-2.0 -latkmm-1.6 -lgdkmm-2.4 -lgiomm-2.4 -lpangomm-1.4 -lcairomm-1.0 -lgtk-x11-2.0 -lgdk-x11-2.0 -latk-1.0 -lgio-2.0 -lpangoft2-1.0 -lpangocairo-1.0 -lgdk_pixbuf-2.0 -lcairo -lpango-1.0 -lfreetype -lfontconfig -lxml++-2.6 -lxml2 -lglibmm-2.4 -lgobject-2.0 -lsigc-2.0 -lglib-2.0  '

## ----------------- ##
## Output variables. ##
## ----------------- ##

ACLOCAL='${SHELL} /home/remoto/nihat.efe/govocitos/missing --run aclocal-1.11'
ALL_LINGUAS=''
AMDEPBACKSLASH='\'
AMDEP_FALSE='#'
AMDEP_TRUE=''
AMTAR='$${TAR-tar}'
AM_DEFAULT_VERBOSITY='1'
AR='ar'
AUTOCONF='${SHELL} /home/remoto/nihat.efe/govocitos/missing --run autoconf'
AUTOHEADER='${SHELL} /home/remoto/nihat.efe/govocitos/missing --run autoheader'
AUTOMAKE='${SHELL} /home/remoto/nihat.efe/govocitos/missing --run automake-1.11'
AWK='mawk'
CATALOGS=''
CATOBJEXT='.gmo'
CC='gcc'
CCDEPMODE='depmode=gcc3'
CFLAGS='-g -O2'
CPP='gcc -E'
CPPFLAGS=''
CXX='g++'
CXXCPP='g++ -E'
CXXDEPMODE='depmode=gcc3'
CXXFLAGS='-g -O2'
CYGPATH_W='echo'
DATADIRNAME='share'
DEFS='-DHAVE_CONFIG_H'
DEPDIR='.deps'
DLLTOOL='false'
DSYMUTIL=''
DUMPBIN=''
ECHO_C=''
ECHO_N='-n'
ECHO_T=''
EGREP='/bin/grep -E'
EXEEXT=''
FGREP='/bin/grep -F'
GETTEXT_PACKAGE='govocitos'
GMOFILES=''
GMSGFMT='/usr/bin/msgfmt'
GOVOCITOS_CFLAGS='-pthread -I/usr/include/gtkmm-2.4 -I/usr/lib/x86_64-linux-gnu/gtkmm-2.4/include -I/usr/include/atkmm-1.6 -I/usr/include/giomm-2.4 -I/usr/lib/x86_64-linux-gnu/giomm-2.4/include -I/usr/include/pangomm-1.4 -I/usr/lib/x86_64-linux-gnu/pangomm-1.4/include -I/usr/include/gtk-2.0 -I/usr/include/gtk-unix-print-2.0 -I/usr/include/gdkmm-2.4 -I/usr/lib/x86_64-linux-gnu/gdkmm-2.4/include -I/usr/include/atk-1.0 -I/usr/include/glibmm-2.4 -I/usr/lib/x86_64-linux-gnu/glibmm-2.4/include -I/usr/include/glib-2.0 -I/usr/lib/x86_64-linux-gnu/glib-2.0/include -I/usr/include/sigc++-2.0 -I/usr/lib/x86_64-linux-gnu/sigc++-2.0/include -I/usr/include/cairomm-1.0 -I/usr/lib/x86_64-linux-gnu/cairomm-1.0/include -I/usr/include/pango-1.0 -I/usr/include/cairo -I/usr/include/pixman-1 -I/usr/include/freetype2 -I/usr/include/libpng12 -I/usr/lib/x86_64-linux-gnu/gtk-2.0/include -I/usr/include/gdk-pixbuf-2.0 -I/usr/include/gio-unix-2.0/ -I/usr/include/libglade-2.0 -I/usr/include/libxml2 -I/usr/include/libglademm-2.4 -I/usr/lib/libglademm-2.4/include -I/usr/include/libxml++-2.6 -I/usr/lib/libxml++-2.6/include  '
GOVOCITOS_LIBS='-lglademm-2.4 -lgtkmm-2.4 -lglade-2.0 -latkmm-1.6 -lgdkmm-2.4 -lgiomm-2.4 -lpangomm-1.4 -lcairomm-1.0 -lgtk-x11-2.0 -lgdk-x11-2.0 -latk-1.0 -lgio-2.0 -lpangoft2-1.0 -lpangocairo-1.0 -lgdk_pixbuf-2.0 -lcairo -lpango-1.0 -lfreetype -lfontconfig -lxml++-2.6 -lxml2 -lglibmm-2.4 -lgobject-2.0 -lsigc-2.0 -lglib-2.0  '
GREP='/bin/grep'
INSTALL_DATA='${INSTALL} -m 644'
INSTALL_PROGRAM='${INSTALL}'
INSTALL_SCRIPT='${INSTALL}'
INSTALL_STRIP_PROGRAM='$(install_sh) -c -s'
INSTOBJEXT='.mo'
INTLLIBS=''
INTLTOOL_CAVES_RULE='%.caves:     %.caves.in     $(INTLTOOL_MERGE) $(wildcard $(top_srcdir)/po/*.po) ; $(INTLTOOL_V_MERGE)LC_ALL=C $(INTLTOOL_MERGE) $(INTLTOOL_V_MERGE_OPTIONS) -d -u -c $(top_builddir)/po/.intltool-merge-cache $(top_srcdir)/po $< $@'
INTLTOOL_DESKTOP_RULE='%.desktop:   %.desktop.in   $(INTLTOOL_MERGE) $(wildcard $(top_srcdir)/po/*.po) ; $(INTLTOOL_V_MERGE)LC_ALL=C $(INTLTOOL_MERGE) $(INTLTOOL_V_MERGE_OPTIONS) -d -u -c $(top_builddir)/po/.intltool-merge-cache $(top_srcdir)/po $< $@'
INTLTOOL_DIRECTORY_RULE='%.directory: %.directory.in $(INTLTOOL_MERGE) $(wildcard $(top_srcdir)/po/*.po) ; $(INTLTOOL_V_MERGE)LC_ALL=C $(INTLTOOL_MERGE) $(INTLTOOL_V_MERGE_OPTIONS) -d -u -c $(top_builddir)/po/.intltool-merge-cache $(top_srcdir)/po $< $@'
INTLTOOL_EXTRACT='/usr/bin/intltool-extract'
INTLTOOL_KBD_RULE='%.kbd:       %.kbd.in       $(INTLTOOL_MERGE) $(wildcard $(top_srcdir)/po/*.po) ; $(INTLTOOL_V_MERGE)LC_ALL=C $(INTLTOOL_MERGE) $(INTLTOOL_V_MERGE_OPTIONS) -x -u -m -c $(top_builddir)/po/.intltool-merge-cache $(top_srcdir)/po $< $@'
INTLTOOL_KEYS_RULE='%.keys:      %.keys.in      $(INTLTOOL_MERGE) $(wildcard $(top_srcdir)/po/*.po) ; $(INTLTOOL_V_MERGE)LC_ALL=C $(INTLTOOL_MERGE) $(INTLTOOL_V_MERGE_OPTIONS) -k -u -c $(top_builddir)/po/.intltool-merge-cache $(top_srcdir)/po $< $@'
INTLTOOL_MERGE='/usr/bin/intltool-merge'
INTLTOOL_OAF_RULE='%.oaf:       %.oaf.in       $(INTLTOOL_MERGE) $(wildcard $(top_srcdir)/po/*.po) ; $(INTLTOOL_V_MERGE)LC_ALL=C $(INTLTOOL_MERGE) $(INTLTOOL_V_MERGE_OPTIONS) -o -p $(top_srcdir)/po $< $@'
INTLTOOL_PERL='/usr/bin/perl'
INTLTOOL_POLICY_RULE='%.policy:    %.policy.in    $(INTLTOOL_MERGE) $(wildcard $(top_srcdir)/po/*.po) ; $(INTLTOOL_V_MERGE)LC_ALL=C $(INTLTOOL_MERGE) $(INTLTOOL_V_MERGE_OPTIONS) -x -u -c $(top_builddir)/po/.intltool-merge-cache $(top_srcdir)/po $< $@'
INTLTOOL_PONG_RULE='%.pong:      %.pong.in      $(INTLTOOL_MERGE) $(wildcard $(top_srcdir)/po/*.po) ; $(INTLTOOL_V_MERGE)LC_ALL=C $(INTLTOOL_MERGE) $(INTLTOOL_V_MERGE_OPTIONS) -x -u -c $(top_builddir)/po/.intltool-merge-cache $(top_srcdir)/po $< $@'
INTLTOOL_PROP_RULE='%.prop:      %.prop.in      $(INTLTOOL_MERGE) $(wildcard $(top_srcdir)/po/*.po) ; $(INTLTOOL_V_MERGE)LC_ALL=C $(INTLTOOL_MERGE) $(INTLTOOL_V_MERGE_OPTIONS) -d -u -c $(top_builddir)/po/.intltool-merge-cache $(top_srcdir)/po $< $@'
INTLTOOL_SCHEMAS_RULE='%.schemas:   %.schemas.in   $(INTLTOOL_MERGE) $(wildcard $(top_srcdir)/po/*.po) ; $(INTLTOOL_V_MERGE)LC_ALL=C $(INTLTOOL_MERGE) $(INTLTOOL_V_MERGE_OPTIONS) -s -u -c $(top_builddir)/po/.intltool-merge-cache $(top_srcdir)/po $< $@'
INTLTOOL_SERVER_RULE='%.server:    %.server.in    $(INTLTOOL_MERGE) $(wildcard $(top_srcdir)/po/*.po) ; $(INTLTOOL_V_MERGE)LC_ALL=C $(INTLTOOL_MERGE) $(INTLTOOL_V_MERGE_OPTIONS) -o -u -c $(top_builddir)/po/.intltool-merge-cache $(top_srcdir)/po $< $@'
INTLTOOL_SERVICE_RULE='%.service: %.service.in   $(INTLTOOL_MERGE) $(wildcard $(top_srcdir)/po/*.po) ; $(INTLTOOL_V_MERGE)LC_ALL=C $(INTLTOOL_MERGE) $(INTLTOOL_V_MERGE_OPTIONS) -d -u -c $(top_builddir)/po/.intltool-merge-cache $(top_srcdir)/po $< $@'
INTLTOOL_SHEET_RULE='%.sheet:     %.sheet.in     $(INTLTOOL_MERGE) $(wildcard $(top_srcdir)/po/*.po) ; $(INTLTOOL_V_MERGE)LC_ALL=C $(INTLTOOL_MERGE) $(INTLTOOL_V_MERGE_OPTIONS) -x -u -c $(top_builddir)/po/.intltool-merge-cache $(top_srcdir)/po $< $@'
INTLTOOL_SOUNDLIST_RULE='%.soundlist: %.soundlist.in $(INTLTOOL_MERGE) $(wildcard $(top_srcdir)/po/*.po) ; $(INTLTOOL_V_MERGE)LC_ALL=C $(INTLTOOL_MERGE) $(INTLTOOL_V_MERGE_OPTIONS) -d -u -c $(top_builddir)/po/.intltool-merge-cache $(top_srcdir)/po $< $@'
INTLTOOL_THEME_RULE='%.theme:     %.theme.in     $(INTLTOOL_MERGE) $(wildcard $(top_srcdir)/po/*.po) ; $(INTLTOOL_V_MERGE)LC_ALL=C $(INTLTOOL_MERGE) $(INTLTOOL_V_MERGE_OPTIONS) -d -u -c $(top_builddir)/po/.intltool-merge-cache $(top_srcdir)/po $< $@'
INTLTOOL_UI_RULE='%.ui:        %.ui.in        $(INTLTOOL_MERGE) $(wildcard $(top_srcdir)/po/*.po) ; $(INTLTOOL_V_MERGE)LC_ALL=C $(INTLTOOL_MERGE) $(INTLTOOL_V_MERGE_OPTIONS) -x -u -c $(top_builddir)/po/.intltool-merge-cache $(top_srcdir)/po $< $@'
INTLTOOL_UPDATE='/usr/bin/intltool-update'
INTLTOOL_V_MERGE='$(INTLTOOL__v_MERGE_$(V))'
INTLTOOL_V_MERGE_OPTIONS='$(intltool__v_merge_options_$(V))'
INTLTOOL_XAM_RULE='%.xam:       %.xml.in       $(INTLTOOL_MERGE) $(wildcard $(top_srcdir)/po/*.po) ; $(INTLTOOL_V_MERGE)LC_ALL=C $(INTLTOOL_MERGE) $(INTLTOOL_V_MERGE_OPTIONS) -x -u -c $(top_builddir)/po/.intltool-merge-cache $(top_srcdir)/po $< $@'
INTLTOOL_XML_NOMERGE_RULE='%.xml:       %.xml.in       $(INTLTOOL_MERGE) ; $(INTLTOOL_V_MERGE)LC_ALL=C $(INTLTOOL_MERGE) $(INTLTOOL_V_MERGE_OPTIONS) -x -u --no-translations $< $@'
INTLTOOL_XML_RULE='%.xml:       %.xml.in       $(INTLTOOL_MERGE) $(wildcard $(top_srcdir)/po/*.po) ; $(INTLTOOL_V_MERGE)LC_ALL=C $(INTLTOOL_MERGE) $(INTLTOOL_V_MERGE_OPTIONS) -x -u -c $(top_builddir)/po/.intltool-merge-cache $(top_srcdir)/po $< $@'
INTLTOOL__v_MERGE_0='@echo "  ITMRG " $@;'
INTLTOOL__v_MERGE_='$(INTLTOOL__v_MERGE_$(AM_DEFAULT_VERBOSITY))'
LD='/usr/bin/ld -m elf_x86_64'
LDFLAGS=''
LIBOBJS=''
LIBS=''
LIBTOOL='$(SHELL) $(top_builddir)/libtool'
LIPO=''
LN_S='ln -s'
LTLIBOBJS=''
MAINT='#'
MAINTAINER_MODE_FALSE=''
MAINTAINER_MODE_TRUE='#'
MAKEINFO='${SHELL} /home/remoto/nihat.efe/govocitos/missing --run makeinfo'
MANIFEST_TOOL=':'
MKDIR_P='/bin/mkdir -p'
MKINSTALLDIRS='./mkinstalldirs'
MSGFMT='/usr/bin/msgfmt'
MSGFMT_OPTS='-c'
MSGMERGE='/usr/bin/msgmerge'
NM='/usr/bin/nm -B'
NMEDIT=''
OBJDUMP='objdump'
OBJEXT='o'
OTOOL64=''
OTOOL=''
PACKAGE='govocitos'
PACKAGE_BUGREPORT=''
PACKAGE_NAME='govocitos'
PACKAGE_STRING='govocitos 2.0'
PACKAGE_TARNAME='govocitos'
PACKAGE_URL=''
PACKAGE_VERSION='2.0'
PATH_SEPARATOR=':'
PKG_CONFIG='/usr/bin/pkg-config'
PKG_CONFIG_LIBDIR=''
PKG_CONFIG_PATH=''
POFILES=''
POSUB='po'
PO_IN_DATADIR_FALSE=''
PO_IN_DATADIR_TRUE=''
RANLIB='ranlib'
SED='/bin/sed'
SET_MAKE=''
SHELL='/bin/bash'
STRIP='strip'
USE_NLS='yes'
VERSION='2.0'
XGETTEXT='/usr/bin/xgettext'
ac_ct_AR='ar'
ac_ct_CC='gcc'
ac_ct_CXX='g++'
ac_ct_DUMPBIN=''
am__EXEEXT_FALSE=''
am__EXEEXT_TRUE='#'
am__fastdepCC_FALSE='#'
am__fastdepCC_TRUE=''
am__fastdepCXX_FALSE='#'
am__fastdepCXX_TRUE=''
am__include='include'
am__isrc=''
am__leading_dot='.'
am__nodep='_no'
am__quote=''
am__tar='$${TAR-tar} chof - "$$tardir"'
am__untar='$${TAR-tar} xf -'
bindir='${exec_prefix}/bin'
build='x86_64-unknown-linux-gnu'
build_alias=''
build_cpu='x86_64'
build_os='linux-gnu'
build_vendor='unknown'
datadir='${datarootdir}'
datarootdir='${prefix}/share'
docdir='${datarootdir}/doc/${PACKAGE_TARNAME}'
dvidir='${docdir}'
exec_prefix='${prefix}'
host='x86_64-unknown-linux-gnu'
host_alias=''
host_cpu='x86_64'
host_os='linux-gnu'
host_vendor='unknown'
htmldir='${docdir}'
includedir='${prefix}/include'
infodir='${datarootdir}/info'
install_sh='${SHELL} /home/remoto/nihat.efe/govocitos/install-sh'
intltool__v_merge_options_0='-q'
intltool__v_merge_options_='$(intltool__v_merge_options_$(AM_DEFAULT_VERBOSITY))'
libdir='${exec_prefix}/lib'
libexecdir='${exec_prefix}/libexec'
localedir='${datarootdir}/locale'
localstatedir='${prefix}/var'
mandir='${datarootdir}/man'
mkdir_p='/bin/mkdir -p'
oldincludedir='/usr/include'
pdfdir='${docdir}'
prefix='/home/remoto/nihat.efe/usr/local'
program_transform_name='s,x,x,'
psdir='${docdir}'
sbindir='${exec_prefix}/sbin'
sharedstatedir='${prefix}/com'
sysconfdir='${prefix}/etc'
target_alias=''

## ----------- ##
## confdefs.h. ##
## ----------- ##

/* confdefs.h */
#define PACKAGE_NAME "govocitos"
#define PACKAGE_TARNAME "govocitos"
#define PACKAGE_VERSION "2.0"
#define PACKAGE_STRING "govocitos 2.0"
#define PACKAGE_BUGREPORT ""
#define PACKAGE_URL ""
#define PACKAGE "govocitos"
#define VERSION "2.0"
#define STDC_HEADERS 1
#define GETTEXT_PACKAGE "govocitos"
#define HAVE_SYS_TYPES_H 1
#define HAVE_SYS_STAT_H 1
#define HAVE_STDLIB_H 1
#define HAVE_STRING_H 1
#define HAVE_MEMORY_H 1
#define HAVE_STRINGS_H 1
#define HAVE_INTTYPES_H 1
#define HAVE_STDINT_H 1
#define HAVE_UNISTD_H 1
#define HAVE_LOCALE_H 1
#define HAVE_LC_MESSAGES 1
#define HAVE_BIND_TEXTDOMAIN_CODESET 1
#define HAVE_GETTEXT 1
#define HAVE_DCGETTEXT 1
#define ENABLE_NLS 1
#define HAVE_DLFCN_H 1
#define LT_OBJDIR ".libs/"

configure: exit 0

## ---------------------- ##
## Running config.status. ##
## ---------------------- ##

This file was extended by govocitos config.status 2.0, which was
generated by GNU Autoconf 2.68.  Invocation command line was

  CONFIG_FILES    = 
  CONFIG_HEADERS  = 
  CONFIG_LINKS    = 
  CONFIG_COMMANDS = 
  $ ./config.status 

on ctdesk138

config.status:1248: creating Makefile
config.status:1248: creating src/Makefile
config.status:1248: creating po/Makefile.in
config.status:1248: creating config.h
config.status:1429: config.h is unchanged
config.status:1477: executing depfiles commands
config.status:1477: executing default-1 commands
config.status:1477: executing libtool commands
config.status:1477: executing po/stamp-it commands
